

Microchip Technology PIC LITE Macro Assembler V1.35 build -356382666 
                                                                                               Wed Aug 26 19:06:19 2015

Microchip Technology Omniscient Code Generator v1.35 (Free mode) build 201507080246
     1                           	processor	12F1840
     2                           	opt	pw 120
     3                           	opt	lm
     4                           	psect	idataBANK0,global,class=CODE,delta=2
     5                           	psect	cinit,global,class=CODE,merge=1,delta=2
     6                           	psect	dataBANK0,global,class=BANK0,space=1,delta=1
     7                           	psect	inittext,global,class=CODE,delta=2
     8                           	psect	cstackCOMMON,global,class=COMMON,space=1,delta=1
     9                           	psect	maintext,global,class=CODE,merge=1,split=1,delta=2
    10                           	psect	text1,local,class=CODE,merge=1,delta=2
    11                           	psect	intentry,global,class=CODE,delta=2
    12                           	dabs	1,0x7E,2
    13  0000                     	;# 
    14  0001                     	;# 
    15  0002                     	;# 
    16  0003                     	;# 
    17  0004                     	;# 
    18  0005                     	;# 
    19  0006                     	;# 
    20  0007                     	;# 
    21  0008                     	;# 
    22  0009                     	;# 
    23  000A                     	;# 
    24  000B                     	;# 
    25  000C                     	;# 
    26  0011                     	;# 
    27  0012                     	;# 
    28  0015                     	;# 
    29  0016                     	;# 
    30  0016                     	;# 
    31  0017                     	;# 
    32  0018                     	;# 
    33  0019                     	;# 
    34  001A                     	;# 
    35  001B                     	;# 
    36  001C                     	;# 
    37  001E                     	;# 
    38  001F                     	;# 
    39  008C                     	;# 
    40  0091                     	;# 
    41  0092                     	;# 
    42  0095                     	;# 
    43  0096                     	;# 
    44  0097                     	;# 
    45  0098                     	;# 
    46  0099                     	;# 
    47  009A                     	;# 
    48  009B                     	;# 
    49  009B                     	;# 
    50  009C                     	;# 
    51  009D                     	;# 
    52  009E                     	;# 
    53  010C                     	;# 
    54  0111                     	;# 
    55  0112                     	;# 
    56  0115                     	;# 
    57  0116                     	;# 
    58  0117                     	;# 
    59  0118                     	;# 
    60  0119                     	;# 
    61  011A                     	;# 
    62  011B                     	;# 
    63  011D                     	;# 
    64  011D                     	;# 
    65  018C                     	;# 
    66  0191                     	;# 
    67  0191                     	;# 
    68  0192                     	;# 
    69  0193                     	;# 
    70  0193                     	;# 
    71  0193                     	;# 
    72  0194                     	;# 
    73  0195                     	;# 
    74  0196                     	;# 
    75  0197                     	;# 
    76  0199                     	;# 
    77  019A                     	;# 
    78  019B                     	;# 
    79  019B                     	;# 
    80  019B                     	;# 
    81  019B                     	;# 
    82  019C                     	;# 
    83  019C                     	;# 
    84  019D                     	;# 
    85  019E                     	;# 
    86  019F                     	;# 
    87  020C                     	;# 
    88  0211                     	;# 
    89  0211                     	;# 
    90  0212                     	;# 
    91  0212                     	;# 
    92  0213                     	;# 
    93  0213                     	;# 
    94  0214                     	;# 
    95  0214                     	;# 
    96  0215                     	;# 
    97  0215                     	;# 
    98  0215                     	;# 
    99  0216                     	;# 
   100  0216                     	;# 
   101  0217                     	;# 
   102  0217                     	;# 
   103  0291                     	;# 
   104  0291                     	;# 
   105  0292                     	;# 
   106  0293                     	;# 
   107  0294                     	;# 
   108  0295                     	;# 
   109  0295                     	;# 
   110  0296                     	;# 
   111  0391                     	;# 
   112  0392                     	;# 
   113  0393                     	;# 
   114  039A                     	;# 
   115  039C                     	;# 
   116  039D                     	;# 
   117  039E                     	;# 
   118  039F                     	;# 
   119  0FE4                     	;# 
   120  0FE5                     	;# 
   121  0FE6                     	;# 
   122  0FE7                     	;# 
   123  0FE8                     	;# 
   124  0FE9                     	;# 
   125  0FEA                     	;# 
   126  0FEB                     	;# 
   127  0FED                     	;# 
   128  0FEE                     	;# 
   129  0FEF                     	;# 
   130                           
   131                           	psect	idataBANK0
   132  008A                     __pidataBANK0:	
   133                           
   134                           ;initializer for define_nota@notas
   135  008A  34EE               	retlw	238
   136  008B  340E               	retlw	14
   137  008C  344D               	retlw	77
   138  008D  340D               	retlw	13
   139  008E  34DA               	retlw	218
   140  008F  340B               	retlw	11
   141  0090  342F               	retlw	47
   142  0091  340B               	retlw	11
   143  0092  34F7               	retlw	247
   144  0093  3409               	retlw	9
   145  0094  34E1               	retlw	225
   146  0095  3408               	retlw	8
   147  0096  34E9               	retlw	233
   148  0097  3407               	retlw	7
   149  0098  3477               	retlw	119
   150  0099  3407               	retlw	7
   151  000B                     _INTCONbits	set	11
   152  0011                     _PIR1bits	set	17
   153  0018                     _T1CON	set	24
   154  001C                     _T2CON	set	28
   155  0017                     _TMR1H	set	23
   156  0016                     _TMR1L	set	22
   157  0099                     _OSCCON	set	153
   158  0091                     _PIE1bits	set	145
   159  008C                     _TRISAbits	set	140
   160  010C                     _LATAbits	set	268
   161  0293                     _CCP1CON	set	659
   162  0292                     _CCPR1H	set	658
   163  0291                     _CCPR1L	set	657
   164                           
   165                           	psect	cinit
   166  0020                     start_initialization:	
   167                           ; #config settings
   168                           
   169  0020                     __initialization:	
   170                           
   171                           ; Initialize objects allocated to BANK0
   172  0020  308A               	movlw	low __pidataBANK0
   173  0021  0084               	movwf	4
   174  0022  3080               	movlw	(high __pidataBANK0)| (0+128)
   175  0023  0085               	movwf	5
   176  0024  3020               	movlw	low __pdataBANK0
   177  0025  0086               	movwf	6
   178  0026  3000               	movlw	high __pdataBANK0
   179  0027  0087               	movwf	7
   180  0028  3010               	movlw	16
   181  0029  3180  209A         	fcall	init_ram
   182  002B                     end_of_initialization:	
   183                           ;End of C runtime variable initialization code
   184                           
   185  002B                     __end_of__initialization:	
   186  002B  107E               	bcf	int$flags,0	;clear compiler interrupt flag (level 1)
   187  002C  0020               	movlb	0
   188  002D  3180  282F         	ljmp	_main	;jump to C main() function
   189                           
   190                           	psect	dataBANK0
   191  0020                     __pdataBANK0:	
   192  0020                     define_nota@notas:	
   193  0020                     	ds	16
   194                           
   195                           	psect	inittext
   196  009A                     init_ram:	
   197  009A  00FE               	movwf	126
   198  009B                     initloop:	
   199  009B  0012               	moviw fsr0++
   200  009C  001E               	movwi fsr1++
   201  009D  0BFE               	decfsz	126,f
   202  009E  289B               	goto	initloop
   203  009F  3400               	retlw	0
   204                           
   205                           	psect	cstackCOMMON
   206  0070                     __pcstackCOMMON:	
   207  0070                     ?_ISR:	
   208  0070                     ??_ISR:	
   209                           ; 0 bytes @ 0x0
   210                           
   211  0070                     ?_main:	
   212                           ; 0 bytes @ 0x0
   213                           
   214                           
   215                           ; 2 bytes @ 0x0
   216  0070                     	ds	1
   217  0071                     ?_define_nota:	
   218  0071                     define_nota@nota:	
   219                           ; 0 bytes @ 0x1
   220                           
   221                           
   222                           ; 2 bytes @ 0x1
   223  0071                     	ds	2
   224  0073                     ??_define_nota:	
   225                           
   226                           ; 0 bytes @ 0x3
   227  0073                     	ds	2
   228  0075                     ??_main:	
   229                           
   230                           ; 0 bytes @ 0x5
   231  0075                     	ds	1
   232  0076                     main@j:	
   233                           
   234                           ; 2 bytes @ 0x6
   235  0076                     	ds	2
   236  0078                     main@i:	
   237                           
   238                           ; 2 bytes @ 0x8
   239  0078                     	ds	2
   240                           
   241                           	psect	maintext
   242  002F                     __pmaintext:	
   243 ;;
   244 ;;Main: autosize = 0, tempsize = 1, incstack = 0, save=0
   245 ;;
   246 ;; *************** function _main *****************
   247 ;; Defined at:
   248 ;;		line 10 in file "main.c"
   249 ;; Parameters:    Size  Location     Type
   250 ;;		None
   251 ;; Auto vars:     Size  Location     Type
   252 ;;  i               2    8[COMMON] int 
   253 ;;  j               2    6[COMMON] unsigned int 
   254 ;; Return value:  Size  Location     Type
   255 ;;                  2   30[None  ] int 
   256 ;; Registers used:
   257 ;;		wreg, fsr1l, fsr1h, status,2, status,0, pclath, cstack
   258 ;; Tracked objects:
   259 ;;		On entry : B1F/0
   260 ;;		On exit  : 0/0
   261 ;;		Unchanged: 0/0
   262 ;; Data sizes:     COMMON   BANK0   BANK1   BANK2
   263 ;;      Params:         0       0       0       0
   264 ;;      Locals:         4       0       0       0
   265 ;;      Temps:          1       0       0       0
   266 ;;      Totals:         5       0       0       0
   267 ;;Total ram usage:        5 bytes
   268 ;; Hardware stack levels required when called:    2
   269 ;; This function calls:
   270 ;;		_define_nota
   271 ;; This function is called by:
   272 ;;		Startup code after reset
   273 ;; This function uses a non-reentrant model
   274 ;;
   275                           
   276                           
   277                           ;psect for function _main
   278  002F                     _main:	
   279                           
   280                           ;main.c: 17: OSCCON = 0b11111010;
   281                           
   282                           ;incstack = 0
   283                           ; Regs used in _main: [wreg+fsr1l+fsr1h+status,2+status,0+pclath+cstack]
   284  002F  30FA               	movlw	250
   285  0030  0021               	movlb	1	; select bank1
   286  0031  0099               	movwf	25	;volatile
   287                           
   288                           ;main.c: 20: TRISAbits.TRISA2 = 0;
   289  0032  110C               	bcf	12,2	;volatile
   290                           
   291                           ;main.c: 21: TRISAbits.TRISA5 = 1;
   292  0033  168C               	bsf	12,5	;volatile
   293                           
   294                           ;main.c: 22: TRISAbits.TRISA4 = 0;
   295  0034  120C               	bcf	12,4	;volatile
   296                           
   297                           ;main.c: 23: LATAbits.LATA4 = 1;
   298  0035  0022               	movlb	2	; select bank2
   299  0036  160C               	bsf	12,4	;volatile
   300                           
   301                           ;main.c: 25: CCP1CON = 0b00000010;
   302  0037  3002               	movlw	2
   303  0038  0025               	movlb	5	; select bank5
   304  0039  0093               	movwf	19	;volatile
   305                           
   306                           ;main.c: 26: define_nota(0);
   307  003A  3000               	movlw	0
   308  003B  00F1               	movwf	define_nota@nota
   309  003C  00F2               	movwf	define_nota@nota+1
   310  003D  3180  2078  3180   	fcall	_define_nota
   311                           
   312                           ;main.c: 29: INTCONbits.GIE = 1;
   313  0040  178B               	bsf	11,7	;volatile
   314                           
   315                           ;main.c: 30: INTCONbits.PEIE = 1;
   316  0041  170B               	bsf	11,6	;volatile
   317                           
   318                           ;main.c: 31: PIE1bits.CCP1IE = 1;
   319  0042  0021               	movlb	1	; select bank1
   320  0043  1511               	bsf	17,2	;volatile
   321                           
   322                           ;main.c: 32: PIR1bits.CCP1IF = 0;
   323  0044  0020               	movlb	0	; select bank0
   324  0045  1111               	bcf	17,2	;volatile
   325                           
   326                           ;main.c: 33: PIR1bits.TMR1IF = 0;
   327  0046  1011               	bcf	17,0	;volatile
   328                           
   329                           ;main.c: 35: T1CON = 0b00000001;
   330  0047  3001               	movlw	1
   331  0048  0098               	movwf	24	;volatile
   332                           
   333                           ;main.c: 36: T2CON = 0b00000001;
   334  0049  3001               	movlw	1
   335  004A  009C               	movwf	28	;volatile
   336                           
   337                           ;main.c: 38: int i = 0;
   338  004B  01F8               	clrf	main@i
   339  004C  01F9               	clrf	main@i+1
   340                           
   341                           ;main.c: 39: uint16_t j =0;
   342  004D  01F6               	clrf	main@j
   343  004E  01F7               	clrf	main@j+1
   344  004F                     l600:	
   345                           ;main.c: 40: while (1) {
   346                           
   347                           
   348                           ;main.c: 41: i=(i>6?0:i+1);
   349  004F  0879               	movf	main@i+1,w
   350  0050  3A80               	xorlw	128
   351  0051  00F5               	movwf	??_main
   352  0052  3080               	movlw	128
   353  0053  0275               	subwf	??_main,w
   354  0054  1D03               	skipz
   355  0055  2858               	goto	u65
   356  0056  3007               	movlw	7
   357  0057  0278               	subwf	main@i,w
   358  0058                     u65:	
   359  0058  1803               	skipnc
   360  0059  2861               	goto	l604
   361  005A  0878               	movf	main@i,w
   362  005B  3E01               	addlw	1
   363  005C  00F8               	movwf	main@i
   364  005D  3000               	movlw	0
   365  005E  3D79               	addwfc	main@i+1,w
   366  005F  00F9               	movwf	main@i+1
   367  0060  2863               	goto	l606
   368  0061                     l604:	
   369  0061  01F8               	clrf	main@i
   370  0062  01F9               	clrf	main@i+1
   371  0063                     l606:	
   372                           
   373                           ;main.c: 42: define_nota(i);
   374  0063  0879               	movf	main@i+1,w
   375  0064  00F2               	movwf	define_nota@nota+1
   376  0065  0878               	movf	main@i,w
   377  0066  00F1               	movwf	define_nota@nota
   378  0067  3180  2078  3180   	fcall	_define_nota
   379  006A  0064               	clrwdt	;# 
   380                           
   381                           ;main.c: 44: for(j = 0xffff; j; --j);
   382  006B  30FF               	movlw	255
   383  006C  00F6               	movwf	main@j
   384  006D  30FF               	movlw	255
   385  006E  00F7               	movwf	main@j+1
   386  006F                     l612:	
   387  006F  0876               	movf	main@j,w
   388  0070  0477               	iorwf	main@j+1,w
   389  0071  1903               	btfsc	3,2
   390  0072  284F               	goto	l600
   391  0073  3001               	movlw	1
   392  0074  02F6               	subwf	main@j,f
   393  0075  3000               	movlw	0
   394  0076  3BF7               	subwfb	main@j+1,f
   395  0077  286F               	goto	l612
   396  0078                     __end_of_main:	
   397                           
   398                           	psect	text1
   399  0078                     __ptext1:	
   400 ;; *************** function _define_nota *****************
   401 ;; Defined at:
   402 ;;		line 59 in file "main.c"
   403 ;; Parameters:    Size  Location     Type
   404 ;;  nota            2    1[COMMON] int 
   405 ;; Auto vars:     Size  Location     Type
   406 ;;		None
   407 ;; Return value:  Size  Location     Type
   408 ;;		None               void
   409 ;; Registers used:
   410 ;;		wreg, fsr1l, fsr1h, status,2, status,0
   411 ;; Tracked objects:
   412 ;;		On entry : 0/0
   413 ;;		On exit  : 0/0
   414 ;;		Unchanged: 0/0
   415 ;; Data sizes:     COMMON   BANK0   BANK1   BANK2
   416 ;;      Params:         2       0       0       0
   417 ;;      Locals:         0       0       0       0
   418 ;;      Temps:          2       0       0       0
   419 ;;      Totals:         4       0       0       0
   420 ;;Total ram usage:        4 bytes
   421 ;; Hardware stack levels used:    1
   422 ;; Hardware stack levels required when called:    1
   423 ;; This function calls:
   424 ;;		Nothing
   425 ;; This function is called by:
   426 ;;		_main
   427 ;; This function uses a non-reentrant model
   428 ;;
   429                           
   430                           
   431                           ;psect for function _define_nota
   432  0078                     _define_nota:	
   433                           
   434                           ;main.c: 60: static uint16_t notas[] = {0xEEE, 0xD4D, 0xBDA, 0xB2F, 0x9F7, 0x8E1, 0x7E9,
      +                           0x777};
   435                           ;main.c: 61: CCPR1L = notas[nota] & 0x00ff;
   436                           
   437                           ;incstack = 0
   438                           ; Regs used in _define_nota: [wreg+fsr1l+fsr1h+status,2+status,0]
   439  0078  3571               	lslf	define_nota@nota,w
   440  0079  3E20               	addlw	(low (define_nota@notas| 0))& (0+255)
   441  007A  0086               	movwf	6
   442  007B  0187               	clrf	7
   443  007C  0801               	movf	1,w
   444  007D  0025               	movlb	5	; select bank5
   445  007E  0091               	movwf	17	;volatile
   446                           
   447                           ;main.c: 62: CCPR1H = (notas[nota] >> 8) & 0x00ff;
   448  007F  3571               	lslf	define_nota@nota,w
   449  0080  3E20               	addlw	(low (define_nota@notas| 0))& (0+255)
   450  0081  0086               	movwf	6
   451  0082  0187               	clrf	7
   452  0083  3F40               	moviw [0]fsr1
   453  0084  00F3               	movwf	??_define_nota
   454  0085  3F41               	moviw [1]fsr1
   455  0086  00F4               	movwf	??_define_nota+1
   456  0087  0874               	movf	??_define_nota+1,w
   457  0088  0092               	movwf	18	;volatile
   458  0089  0008               	return
   459  008A                     __end_of_define_nota:	
   460                           
   461                           	psect	intentry
   462  0004                     __pintentry:	
   463 ;; *************** function _ISR *****************
   464 ;; Defined at:
   465 ;;		line 49 in file "main.c"
   466 ;; Parameters:    Size  Location     Type
   467 ;;		None
   468 ;; Auto vars:     Size  Location     Type
   469 ;;		None
   470 ;; Return value:  Size  Location     Type
   471 ;;		None               void
   472 ;; Registers used:
   473 ;;		status,2, status,0
   474 ;; Tracked objects:
   475 ;;		On entry : 0/0
   476 ;;		On exit  : 0/0
   477 ;;		Unchanged: 0/0
   478 ;; Data sizes:     COMMON   BANK0   BANK1   BANK2
   479 ;;      Params:         0       0       0       0
   480 ;;      Locals:         0       0       0       0
   481 ;;      Temps:          1       0       0       0
   482 ;;      Totals:         1       0       0       0
   483 ;;Total ram usage:        1 bytes
   484 ;; Hardware stack levels used:    1
   485 ;; This function calls:
   486 ;;		Nothing
   487 ;; This function is called by:
   488 ;;		Interrupt level 1
   489 ;; This function uses a non-reentrant model
   490 ;;
   491                           
   492  0004                     _ISR:	
   493                           
   494                           ;incstack = 0
   495                           ; Regs used in _ISR: [status]
   496  0004  147E               	bsf	126,0	;set compiler interrupt flag (level 1)
   497  0005  3180               	pagesel	$
   498  0006  0020               	movlb	0	; select bank0
   499  0007  087F               	movf	127,w
   500  0008  00F0               	movwf	??_ISR
   501                           
   502                           ;main.c: 50: if (PIR1bits.CCP1IF) {
   503  0009  1D11               	btfss	17,2	;volatile
   504  000A  2819               	goto	i1l45
   505                           
   506                           ;main.c: 51: PIR1bits.CCP1IF = 0;
   507  000B  1111               	bcf	17,2	;volatile
   508                           
   509                           ;main.c: 52: TMR1H = 0;
   510  000C  0197               	clrf	23	;volatile
   511                           
   512                           ;main.c: 53: TMR1L = 0;
   513  000D  0196               	clrf	22	;volatile
   514                           
   515                           ;main.c: 54: LATAbits.LATA4 = !LATAbits.LATA4;
   516  000E  1003               	clrc
   517  000F  0022               	movlb	2	; select bank2
   518  0010  1E0C               	btfss	12,4	;volatile
   519  0011  1403               	setc
   520  0012  1C03               	btfss	3,0
   521  0013  2817               	goto	u4_20
   522  0014  0022               	movlb	2	; select bank2
   523  0015  160C               	bsf	12,4	;volatile
   524  0016  2819               	goto	i1l45
   525  0017                     u4_20:	
   526  0017  0022               	movlb	2	; select bank2
   527  0018  120C               	bcf	12,4	;volatile
   528  0019                     i1l45:	
   529  0019  0870               	movf	??_ISR,w
   530  001A  0020               	movlb	0	; select bank0
   531  001B  00FF               	movwf	127
   532  001C  107E               	bcf	126,0	;clear compiler interrupt flag (level 1)
   533  001D  0009               	retfie
   534  001E                     __end_of_ISR:	
   535  007E                     btemp	set	126	;btemp
   536  007E                     int$flags	set	126
   537  007E                     wtemp	set	126
   538  007E                     wtemp0	set	126
   539  0080                     wtemp1	set	128
   540  0082                     wtemp2	set	130
   541  0084                     wtemp3	set	132
   542  0086                     wtemp4	set	134
   543  0088                     wtemp5	set	136
   544  007F                     wtemp6	set	127
   545  007E                     ttemp	set	126
   546  007E                     ttemp0	set	126
   547  0081                     ttemp1	set	129
   548  0084                     ttemp2	set	132
   549  0087                     ttemp3	set	135
   550  007F                     ttemp4	set	127
   551  007E                     ltemp	set	126
   552  007E                     ltemp0	set	126
   553  0082                     ltemp1	set	130
   554  0086                     ltemp2	set	134
   555  0080                     ltemp3	set	128


Data Sizes:
    Strings     0
    Constant    0
    Data        16
    BSS         0
    Persistent  0
    Stack       0

Auto Spaces:
    Space          Size  Autos    Used
    COMMON           14     10      10
    BANK0            80      0      16
    BANK1            80      0       0
    BANK2            80      0       0

Pointer List with Targets:

    None.

Critical Paths under _main in COMMON

    _main->_define_nota

Critical Paths under _ISR in COMMON

    None.

Critical Paths under _main in BANK0

    None.

Critical Paths under _ISR in BANK0

    None.

Critical Paths under _main in BANK1

    None.

Critical Paths under _ISR in BANK1

    None.

Critical Paths under _main in BANK2

    None.

Critical Paths under _ISR in BANK2

    None.

Call Graph Tables:

 ---------------------------------------------------------------------------------
 (Depth) Function   	        Calls       Base Space   Used Autos Params    Refs
 ---------------------------------------------------------------------------------
 (0) _main                                                 5     5      0     266
                                              5 COMMON     5     5      0
                        _define_nota
 ---------------------------------------------------------------------------------
 (1) _define_nota                                          4     2      2     172
                                              1 COMMON     4     2      2
 ---------------------------------------------------------------------------------
 Estimated maximum stack depth 1
 ---------------------------------------------------------------------------------
 (Depth) Function   	        Calls       Base Space   Used Autos Params    Refs
 ---------------------------------------------------------------------------------
 (2) _ISR                                                  1     1      0       0
                                              0 COMMON     1     1      0
 ---------------------------------------------------------------------------------
 Estimated maximum stack depth 2
 ---------------------------------------------------------------------------------

 Call Graph Graphs:

 _main (ROOT)
   _define_nota

 _ISR (ROOT)

 Address spaces:
Name               Size   Autos  Total    Cost      Usage
BIGRAM              F0      0       0       0        0.0%
EEDATA             100      0       0       0        0.0%
NULL                 0      0       0       0        0.0%
CODE                 0      0       0       0        0.0%
BITCOMMON            E      0       0       1        0.0%
BITSFR0              0      0       0       1        0.0%
SFR0                 0      0       0       1        0.0%
COMMON               E      A       A       2       71.4%
BITSFR1              0      0       0       2        0.0%
SFR1                 0      0       0       2        0.0%
BITSFR2              0      0       0       3        0.0%
SFR2                 0      0       0       3        0.0%
STACK                0      0       0       3        0.0%
BITSFR3              0      0       0       4        0.0%
SFR3                 0      0       0       4        0.0%
ABS                  0      0      1A       4        0.0%
BITBANK0            50      0       0       5        0.0%
BITSFR4              0      0       0       5        0.0%
SFR4                 0      0       0       5        0.0%
BANK0               50      0      10       6       20.0%
BITSFR5              0      0       0       6        0.0%
SFR5                 0      0       0       6        0.0%
BITBANK1            50      0       0       7        0.0%
BITSFR6              0      0       0       7        0.0%
SFR6                 0      0       0       7        0.0%
BANK1               50      0       0       8        0.0%
BITSFR7              0      0       0       8        0.0%
SFR7                 0      0       0       8        0.0%
BITBANK2            50      0       0       9        0.0%
BITSFR8              0      0       0       9        0.0%
SFR8                 0      0       0       9        0.0%
BANK2               50      0       0      10        0.0%
BITSFR9              0      0       0      10        0.0%
SFR9                 0      0       0      10        0.0%
BITSFR10             0      0       0      11        0.0%
SFR10                0      0       0      11        0.0%
DATA                 0      0      1A      11        0.0%
BITSFR11             0      0       0      12        0.0%
SFR11                0      0       0      12        0.0%
BITSFR12             0      0       0      13        0.0%
SFR12                0      0       0      13        0.0%
BITSFR13             0      0       0      14        0.0%
SFR13                0      0       0      14        0.0%
BITSFR14             0      0       0      15        0.0%
SFR14                0      0       0      15        0.0%
BITSFR15             0      0       0      16        0.0%
SFR15                0      0       0      16        0.0%
BITSFR16             0      0       0      17        0.0%
SFR16                0      0       0      17        0.0%
BITSFR17             0      0       0      18        0.0%
SFR17                0      0       0      18        0.0%
BITSFR18             0      0       0      19        0.0%
SFR18                0      0       0      19        0.0%
BITSFR19             0      0       0      20        0.0%
SFR19                0      0       0      20        0.0%
BITSFR20             0      0       0      21        0.0%
SFR20                0      0       0      21        0.0%
BITSFR21             0      0       0      22        0.0%
SFR21                0      0       0      22        0.0%
BITSFR22             0      0       0      23        0.0%
SFR22                0      0       0      23        0.0%
BITSFR23             0      0       0      24        0.0%
SFR23                0      0       0      24        0.0%
BITSFR24             0      0       0      25        0.0%
SFR24                0      0       0      25        0.0%
BITSFR25             0      0       0      26        0.0%
SFR25                0      0       0      26        0.0%
BITSFR26             0      0       0      27        0.0%
SFR26                0      0       0      27        0.0%
BITSFR27             0      0       0      28        0.0%
SFR27                0      0       0      28        0.0%
BITSFR28             0      0       0      29        0.0%
SFR28                0      0       0      29        0.0%
BITSFR29             0      0       0      30        0.0%
SFR29                0      0       0      30        0.0%
BITSFR30             0      0       0      31        0.0%
SFR30                0      0       0      31        0.0%
BITSFR31             0      0       0      32        0.0%
SFR31                0      0       0      32        0.0%


Microchip Technology PIC Macro Assembler V1.35 build -356382666 
Symbol Table                                                                                   Wed Aug 26 19:06:19 2015

                     u65 0058                      l600 004F                      l612 006F  
                    l604 0061                      l606 0063                      _ISR 0004  
                   ?_ISR 0070                     i1l45 0019                     u4_20 0017  
                   _main 002F                     fsr0h 0005                     fsr1h 0007  
                   fsr0l 0004                     indf1 0001                     fsr1l 0006  
                   btemp 007E                     ltemp 007E                     start 001E  
                   ttemp 007E                     wtemp 007E                    ??_ISR 0070  
                  ?_main 0070                    _T1CON 0018                    _T2CON 001C  
                  _TMR1H 0017                    _TMR1L 0016                    main@i 0078  
                  main@j 0076                    ltemp0 007E                    ltemp1 0082  
                  ltemp2 0086                    ltemp3 0080     __size_of_define_nota 0012  
                  ttemp0 007E                    ttemp1 0081                    ttemp2 0084  
                  ttemp3 0087                    ttemp4 007F                    status 0003  
                  wtemp0 007E                    wtemp1 0080                    wtemp2 0082  
                  wtemp3 0084                    wtemp4 0086                    wtemp5 0088  
                  wtemp6 007F          __initialization 0020             __end_of_main 0078  
                 ??_main 0075                   _CCPR1H 0292                   _CCPR1L 0291  
                 _OSCCON 0099         define_nota@notas 0020  __end_of__initialization 002B  
         __pcstackCOMMON 0070             __pidataBANK0 008A               __pmaintext 002F  
             __pintentry 0004                  _CCP1CON 0293                  __ptext1 0078  
           __size_of_ISR 001A            ??_define_nota 0073     end_of_initialization 002B  
                init_ram 009A                  initloop 009B                _TRISAbits 008C  
    __end_of_define_nota 008A      start_initialization 0020              __end_of_ISR 001E  
        define_nota@nota 0071              __pdataBANK0 0020                ___latbits 0001  
            _define_nota 0078                 _LATAbits 010C                 _PIE1bits 0091  
               _PIR1bits 0011            __size_of_main 0049                 int$flags 007E  
             _INTCONbits 000B             ?_define_nota 0071                 intlevel1 0000  
